c:\users\ryanw\documents\work\github\sdl2-game\2d shooter\2d shooter\debug\vc141.pdb
c:\users\ryanw\documents\work\github\sdl2-game\2d shooter\2d shooter\debug\vc141.idb
c:\users\ryanw\documents\work\github\sdl2-game\2d shooter\2d shooter\debug\ui.nativecodeanalysis.xml
c:\users\ryanw\documents\work\github\sdl2-game\2d shooter\2d shooter\debug\spritesheet.nativecodeanalysis.xml
c:\users\ryanw\documents\work\github\sdl2-game\2d shooter\2d shooter\debug\soundmanager.nativecodeanalysis.xml
c:\users\ryanw\documents\work\github\sdl2-game\2d shooter\2d shooter\debug\player.nativecodeanalysis.xml
c:\users\ryanw\documents\work\github\sdl2-game\2d shooter\2d shooter\debug\menumanager.nativecodeanalysis.xml
c:\users\ryanw\documents\work\github\sdl2-game\2d shooter\2d shooter\debug\menu.nativecodeanalysis.xml
c:\users\ryanw\documents\work\github\sdl2-game\2d shooter\2d shooter\debug\main.nativecodeanalysis.xml
c:\users\ryanw\documents\work\github\sdl2-game\2d shooter\2d shooter\debug\hiscores.nativecodeanalysis.xml
c:\users\ryanw\documents\work\github\sdl2-game\2d shooter\2d shooter\debug\gameloop.nativecodeanalysis.xml
c:\users\ryanw\documents\work\github\sdl2-game\2d shooter\2d shooter\debug\enemy.nativecodeanalysis.xml
c:\users\ryanw\documents\work\github\sdl2-game\2d shooter\2d shooter\debug\collision.nativecodeanalysis.xml
c:\users\ryanw\documents\work\github\sdl2-game\2d shooter\2d shooter\debug\bullet.nativecodeanalysis.xml
c:\users\ryanw\documents\work\github\sdl2-game\2d shooter\2d shooter\debug\barriermanager.nativecodeanalysis.xml
c:\users\ryanw\documents\work\github\sdl2-game\2d shooter\2d shooter\debug\barrier.nativecodeanalysis.xml
c:\users\ryanw\documents\work\github\sdl2-game\2d shooter\2d shooter\debug\barrier.obj
c:\users\ryanw\documents\work\github\sdl2-game\2d shooter\2d shooter\debug\barriermanager.obj
c:\users\ryanw\documents\work\github\sdl2-game\2d shooter\2d shooter\debug\bullet.obj
c:\users\ryanw\documents\work\github\sdl2-game\2d shooter\2d shooter\debug\collision.obj
c:\users\ryanw\documents\work\github\sdl2-game\2d shooter\2d shooter\debug\enemy.obj
c:\users\ryanw\documents\work\github\sdl2-game\2d shooter\2d shooter\debug\gameloop.obj
c:\users\ryanw\documents\work\github\sdl2-game\2d shooter\2d shooter\debug\hiscores.obj
c:\users\ryanw\documents\work\github\sdl2-game\2d shooter\2d shooter\debug\main.obj
c:\users\ryanw\documents\work\github\sdl2-game\2d shooter\2d shooter\debug\menu.obj
c:\users\ryanw\documents\work\github\sdl2-game\2d shooter\2d shooter\debug\menumanager.obj
c:\users\ryanw\documents\work\github\sdl2-game\2d shooter\2d shooter\debug\player.obj
c:\users\ryanw\documents\work\github\sdl2-game\2d shooter\2d shooter\debug\soundmanager.obj
c:\users\ryanw\documents\work\github\sdl2-game\2d shooter\2d shooter\debug\spritesheet.obj
c:\users\ryanw\documents\work\github\sdl2-game\2d shooter\2d shooter\debug\ui.obj
c:\users\ryanw\documents\work\github\sdl2-game\2d shooter\debug\2d shooter.ilk
c:\users\ryanw\documents\work\github\sdl2-game\2d shooter\debug\2d shooter.exe
c:\users\ryanw\documents\work\github\sdl2-game\2d shooter\debug\2d shooter.pdb
c:\users\ryanw\documents\work\github\sdl2-game\2d shooter\2d shooter\debug\nativecodeanalysis.read.1.tlog
c:\users\ryanw\documents\work\github\sdl2-game\2d shooter\2d shooter\debug\vc.nativecodeanalysis.all.xml
c:\users\ryanw\documents\work\github\sdl2-game\2d shooter\2d shooter\debug\2d shooter.tlog\cl.command.1.tlog
c:\users\ryanw\documents\work\github\sdl2-game\2d shooter\2d shooter\debug\2d shooter.tlog\cl.read.1.tlog
c:\users\ryanw\documents\work\github\sdl2-game\2d shooter\2d shooter\debug\2d shooter.tlog\cl.write.1.tlog
c:\users\ryanw\documents\work\github\sdl2-game\2d shooter\2d shooter\debug\2d shooter.tlog\link.command.1.tlog
c:\users\ryanw\documents\work\github\sdl2-game\2d shooter\2d shooter\debug\2d shooter.tlog\link.read.1.tlog
c:\users\ryanw\documents\work\github\sdl2-game\2d shooter\2d shooter\debug\2d shooter.tlog\link.write.1.tlog
